{
  "RSpec": {
    "coverage": {
      "/home/ale/Dev/pucker/lib/pucker/sequence.rb": [
        null,
        null,
        null,
        null,
        null,
        1,
        1,
        1,
        1,
        185,
        null,
        null,
        null
      ],
      "/home/ale/Dev/pucker/lib/pucker/players.rb": [
        null,
        null,
        null,
        null,
        null,
        1,
        1,
        1,
        1,
        null,
        1,
        1,
        1,
        1,
        null,
        1,
        185,
        185,
        185,
        185,
        null,
        null,
        1,
        27,
        2,
        2,
        2,
        2,
        2,
        null,
        25,
        25,
        null,
        null,
        null,
        1,
        2,
        null,
        null,
        1,
        1,
        1,
        null,
        null,
        1,
        12,
        null,
        null,
        1,
        1,
        null,
        null,
        1,
        158,
        null,
        null,
        1,
        43,
        43,
        43,
        null,
        null,
        1,
        31,
        31,
        31,
        27,
        null,
        31,
        null,
        null,
        1,
        3,
        null,
        null,
        1,
        25,
        25,
        null,
        null,
        1,
        10,
        null,
        null,
        1,
        0,
        null,
        null,
        1,
        1,
        28,
        93,
        28,
        null,
        1,
        43,
        null,
        1,
        13,
        null,
        1,
        3,
        null,
        1,
        12,
        null,
        12,
        12,
        null,
        0,
        null,
        null,
        null,
        null,
        1,
        1,
        3,
        null,
        3,
        null,
        3,
        1,
        1,
        1,
        null,
        1,
        null,
        null,
        null,
        null
      ],
      "/home/ale/Dev/pucker/lib/pucker/bayesian_networks.rb": [
        null,
        null,
        null,
        1,
        null,
        1,
        null,
        null,
        1,
        1,
        1,
        43,
        1,
        1,
        1,
        1,
        1,
        1,
        null,
        43,
        null,
        null,
        null,
        null,
        null,
        1,
        1,
        1,
        9,
        1,
        1,
        1,
        1,
        1,
        1,
        null,
        1,
        1,
        1,
        1,
        null,
        9,
        null,
        null,
        null,
        null,
        null,
        1,
        1,
        1,
        20,
        1,
        1,
        1,
        1,
        1,
        1,
        null,
        1,
        1,
        1,
        1,
        null,
        20,
        null,
        null,
        null
      ],
      "/home/ale/Dev/pucker/spec/pucker/dealer_spec.rb": [
        1,
        null,
        1,
        1,
        6,
        null,
        1,
        1,
        1,
        null,
        null,
        1,
        1,
        53,
        1,
        null,
        null,
        1,
        53,
        1,
        null,
        null,
        null,
        1,
        1,
        53,
        1,
        1,
        null,
        null,
        1,
        1,
        1,
        1,
        1,
        1,
        null,
        null,
        null,
        null
      ],
      "/home/ale/Dev/pucker/spec/pucker/game_spec.rb": [
        1,
        null,
        null,
        1,
        1,
        1,
        1,
        1,
        1,
        null,
        null,
        1,
        1,
        1,
        null,
        null,
        null,
        1,
        1,
        null,
        null,
        1,
        1,
        1,
        3,
        null,
        1,
        1,
        1,
        1,
        1,
        null,
        1,
        1,
        1,
        1,
        1,
        null,
        1,
        1,
        1,
        null,
        1,
        1,
        1,
        1,
        null,
        null,
        null,
        1,
        null,
        null,
        null,
        3,
        null,
        1,
        2,
        2,
        2,
        2,
        2,
        2,
        2,
        2,
        null,
        null,
        1,
        1,
        1,
        1,
        1,
        1,
        null,
        null,
        null,
        1,
        1,
        1,
        1,
        1,
        1,
        1,
        null,
        null,
        null,
        null,
        null,
        null
      ],
      "/home/ale/Dev/pucker/lib/pucker/multi_logger.rb": [
        null,
        null,
        null,
        null,
        null,
        1,
        1,
        null,
        1,
        1,
        1,
        1,
        null,
        1,
        1,
        1,
        1,
        null,
        0,
        0,
        null,
        null,
        null,
        1,
        1,
        1,
        null,
        null,
        1,
        42,
        null,
        null,
        1,
        0,
        null,
        null,
        null,
        null
      ],
      "/home/ale/Dev/pucker/lib/pucker/statistic.rb": [
        null,
        null,
        null,
        null,
        null,
        1,
        1,
        1,
        null,
        1,
        1,
        1,
        1,
        null,
        null,
        1,
        3,
        3,
        null,
        null,
        1,
        0,
        null,
        null,
        1,
        0,
        0,
        0,
        null,
        null,
        null,
        1,
        0,
        0,
        null,
        null,
        1,
        0,
        null,
        null,
        1,
        0,
        0,
        0,
        null,
        null,
        null,
        1,
        0,
        0,
        null,
        null,
        1,
        0,
        null,
        null,
        1,
        0,
        0,
        0,
        null,
        null,
        null,
        null
      ],
      "/home/ale/Dev/pucker/lib/pucker/pot.rb": [
        null,
        null,
        null,
        null,
        null,
        null,
        1,
        1,
        1,
        null,
        1,
        14,
        null,
        null,
        1,
        15,
        15,
        null,
        null,
        1,
        2,
        2,
        null,
        2,
        2,
        2,
        null,
        1,
        null,
        1,
        12,
        null,
        null,
        1,
        6,
        6,
        14,
        14,
        14,
        null,
        6,
        null,
        null,
        1,
        14,
        null,
        null,
        1,
        12,
        3,
        null,
        null,
        1,
        0,
        0,
        0,
        null,
        0,
        null,
        null,
        null
      ],
      "/home/ale/Dev/pucker/lib/pucker/game.rb": [
        null,
        null,
        null,
        null,
        null,
        null,
        null,
        1,
        1,
        1,
        1,
        1,
        null,
        1,
        1,
        1,
        null,
        1,
        7,
        7,
        7,
        null,
        null,
        1,
        0,
        0,
        0,
        0,
        0,
        0,
        0,
        0,
        0,
        0,
        0,
        null,
        0,
        0,
        0,
        null,
        null,
        0,
        0,
        0,
        0,
        0,
        0,
        0,
        0,
        0,
        null,
        null,
        1,
        1,
        3,
        null,
        null,
        1,
        0,
        0,
        0,
        0,
        null,
        null,
        1,
        3,
        3,
        3,
        null,
        null,
        1,
        0,
        null,
        null,
        1,
        18,
        null,
        null,
        1,
        0,
        0,
        0,
        null,
        null,
        null,
        1,
        0,
        0,
        0,
        null,
        0,
        0,
        0,
        null,
        0,
        null,
        0,
        0,
        0,
        null,
        null,
        0,
        0,
        0,
        0,
        null,
        null,
        0,
        0,
        null,
        null,
        0,
        null,
        null,
        1,
        0,
        null,
        null,
        1,
        0,
        null,
        null,
        1,
        0,
        null,
        null,
        1,
        0,
        null,
        null,
        null,
        1,
        12,
        9,
        null,
        15,
        null,
        null,
        null,
        null,
        1,
        1,
        1,
        2,
        2,
        2,
        5,
        2,
        2,
        null,
        null,
        null,
        null,
        1,
        0,
        0,
        null,
        0,
        null,
        null,
        null
      ],
      "/home/ale/Dev/pucker/lib/pucker.rb": [
        null,
        null,
        null,
        null,
        null,
        1,
        1,
        1,
        null,
        1,
        1,
        1,
        1,
        1,
        1,
        1,
        null
      ],
      "/home/ale/Dev/pucker/spec/pucker/player_spec.rb": [
        1,
        1,
        1,
        null,
        1,
        1,
        1,
        1,
        101,
        1,
        1,
        null,
        null,
        null,
        1,
        3,
        3,
        null,
        1,
        1,
        1,
        null,
        null,
        1,
        2,
        2,
        null,
        null,
        null,
        1,
        1,
        1,
        null,
        null,
        null,
        1,
        4,
        null,
        1,
        1,
        1,
        1,
        null,
        null,
        null,
        1,
        1,
        1,
        1,
        null,
        null,
        1,
        1,
        1,
        null,
        null,
        null,
        null,
        1,
        1,
        1,
        1,
        1,
        null,
        null,
        null,
        1,
        1,
        2,
        2,
        2,
        10,
        null,
        null,
        1,
        1,
        1,
        1,
        1,
        null,
        null,
        1,
        1,
        3,
        null,
        null,
        null,
        1,
        1,
        1,
        1,
        6,
        null,
        1,
        1,
        null,
        1,
        null,
        null,
        null,
        null,
        null,
        1,
        4,
        4,
        4,
        null,
        1,
        1,
        2,
        2,
        null,
        1,
        2,
        2,
        null,
        1,
        2,
        1,
        1,
        null,
        null,
        null,
        null,
        null
      ],
      "/home/ale/Dev/pucker/spec/pucker/player_group_spec.rb": [
        1,
        1,
        null,
        1,
        1,
        5,
        null,
        1,
        1,
        1,
        null,
        null,
        null,
        1,
        1,
        1,
        1,
        5,
        null,
        1,
        null,
        null,
        null,
        1,
        1,
        1,
        1,
        1,
        null,
        null,
        1,
        1,
        1,
        1,
        1,
        1,
        5,
        null,
        null,
        null,
        null,
        null,
        null,
        null
      ],
      "/home/ale/Dev/pucker/spec/pucker/pot_spec.rb": [
        1,
        null,
        1,
        1,
        7,
        null,
        1,
        3,
        3,
        null,
        null,
        1,
        1,
        1,
        null,
        null,
        null,
        1,
        1,
        1,
        1,
        1,
        1,
        null,
        null,
        null,
        null,
        1,
        1,
        2,
        2,
        2,
        2,
        2,
        2,
        null,
        null,
        1,
        1,
        1,
        1,
        1,
        1,
        1,
        null,
        null,
        null,
        1,
        1,
        1,
        1,
        1,
        1,
        1,
        null,
        null,
        null,
        null,
        1,
        1,
        1,
        1,
        null,
        null,
        null,
        null,
        1,
        1,
        1,
        null,
        1,
        1,
        1,
        1,
        1,
        null,
        null,
        null,
        1,
        1,
        1,
        1,
        1,
        1,
        null,
        null,
        null,
        null
      ],
      "/home/ale/Dev/pucker/lib/pucker/bn_players.rb": [
        null,
        null,
        null,
        null,
        null,
        1,
        1,
        1,
        null,
        1,
        1,
        1,
        72,
        72,
        null,
        null,
        1,
        6,
        6,
        null,
        6,
        3,
        2,
        2,
        null,
        1,
        null,
        null,
        null,
        1,
        1,
        6,
        6,
        null,
        6,
        null,
        null,
        1,
        6,
        null,
        null,
        1,
        24,
        24,
        null,
        null,
        1,
        33,
        23,
        88,
        23,
        null,
        10,
        null,
        null,
        1,
        6,
        6,
        null,
        6,
        4,
        2,
        1,
        2,
        null,
        null,
        null,
        2,
        null,
        null,
        1,
        43,
        null,
        null,
        null,
        1,
        1,
        9,
        9,
        null,
        9,
        4,
        4,
        1,
        null,
        4,
        null,
        null,
        null,
        1,
        1,
        18,
        18,
        null,
        18,
        15,
        6,
        8,
        0,
        null,
        null,
        null,
        12,
        null,
        null,
        1,
        9,
        9,
        3,
        null,
        6,
        null,
        null,
        null,
        1,
        18,
        6,
        11,
        6,
        null,
        6,
        null,
        null,
        null,
        1,
        9,
        9,
        9,
        9,
        null,
        9,
        null,
        9,
        null,
        null,
        1,
        9,
        9,
        null,
        null,
        1,
        9,
        null,
        null,
        null,
        1,
        1,
        9,
        9,
        null,
        9,
        2,
        7,
        2,
        4,
        1,
        null,
        4,
        null,
        null,
        null,
        1,
        9,
        9,
        9,
        null,
        null,
        1,
        1,
        9,
        9,
        9,
        null,
        9,
        9,
        9,
        null,
        null,
        1,
        9,
        3,
        3,
        null,
        null,
        1,
        20,
        null,
        null,
        null
      ],
      "/home/ale/Dev/pucker/lib/pucker/player_group.rb": [
        null,
        null,
        null,
        null,
        null,
        null,
        null,
        null,
        null,
        1,
        1,
        null,
        1,
        1,
        1,
        1,
        1,
        null,
        1,
        11,
        11,
        48,
        11,
        null,
        null,
        1,
        4,
        20,
        null,
        null,
        null,
        1,
        12,
        null,
        null,
        1,
        0,
        null,
        null,
        1,
        5,
        25,
        3,
        3,
        3,
        null,
        null,
        30,
        null,
        null,
        1,
        0,
        null,
        null,
        1,
        1,
        37,
        null,
        null,
        null
      ],
      "/home/ale/Dev/pucker/lib/pucker/dealer.rb": [
        null,
        null,
        null,
        null,
        null,
        1,
        1,
        null,
        1,
        1,
        1,
        8,
        null,
        null,
        1,
        193,
        null,
        null,
        1,
        2,
        2,
        null,
        null,
        1,
        1,
        205,
        null,
        null,
        null
      ]
    },
    "timestamp": 1530636296
  }
}
